<?xml version="1.0" encoding="UTF-8" ?>
<testsuites>

  <testsuite name="Failed level 1 Level 2 Level 3" errors="0" tests="2" failures="1" time="0.003" timestamp="2013-02-24T15:58:30.278Z">
    
      <testcase assertions="4" classname="Failed level 1 Level 2 Level 3" name="should not pass" time="0">
        
          <failure>Expected true to be false.</failure>
        
      </testcase>
    
      <testcase assertions="1" classname="Failed level 1 Level 2 Level 3" name="should pass" time="0.001">
        
      </testcase>
    
  </testsuite>

</testsuites>