<?xml version="1.0" encoding="UTF-8" ?>
<testsuites>

  <testsuite name="Failed level 1 Level 2 Level 3 Level 4" errors="0" tests="2" failures="1" time="0.002" timestamp="2013-02-24T15:58:30.277Z">
    
      <testcase assertions="1" classname="Failed level 1 Level 2 Level 3 Level 4" name="should pass" time="0.001">
        
      </testcase>
    
      <testcase assertions="1" classname="Failed level 1 Level 2 Level 3 Level 4" name="should not pass" time="0.001">
        
          <failure>ReferenceError: Can't find variable: asdf in file:///Users/joverson/development/src/gruntjs/grunt-contrib-jasmine/test/fixtures/pivotal/spec/PlayerSpec.js (line 85)</failure>
        
      </testcase>
    
  </testsuite>

</testsuites>