<?xml version="1.0" encoding="UTF-8" ?>
<testsuites>

  <testsuite name="Failed level 1" errors="0" tests="1" failures="1" time="0.007" timestamp="2013-02-24T15:58:30.279Z">
    
      <testcase assertions="1" classname="Failed level 1" name="should not pass" time="0.001">
        
          <failure>Expected true to be false.</failure>
        
      </testcase>
    
  </testsuite>

</testsuites>