<?xml version="1.0" encoding="UTF-8" ?>
<testsuites>

  <testsuite name="Failed level 1 Level 2" errors="0" tests="1" failures="0" time="0.004" timestamp="2013-02-24T15:58:30.278Z">
    
      <testcase assertions="1" classname="Failed level 1 Level 2" name="should pass" time="0">
        
      </testcase>
    
  </testsuite>

</testsuites>