<?xml version="1.0" encoding="UTF-8" ?>
<testsuites>

  <testsuite name="Player" errors="0" tests="2" failures="0" time="0.01" timestamp="2013-02-24T16:04:43.223Z">
    
      <testcase assertions="2" classname="Player" name="should be able to play a Song" time="0.004">
        
      </testcase>
    
      <testcase assertions="1" classname="Player" name="tells the current song if the user has made it a favorite" time="0.001">
        
      </testcase>
    
  </testsuite>

</testsuites>