<?xml version="1.0" encoding="UTF-8" ?>
<testsuites>

  <testsuite name="Player #resume" errors="0" tests="1" failures="0" time="0.001" timestamp="2013-02-24T16:04:43.223Z">
    
      <testcase assertions="1" classname="Player #resume" name="should throw an exception if song is already playing" time="0">
        
      </testcase>
    
  </testsuite>

</testsuites>